0 info it worked if it ends with ok
1 verbose cli [ '/usr/bin/nodejs', '/usr/bin/npm', 'run-script', 'install' ]
2 info using npm@3.5.2
3 info using node@v4.2.6
4 verbose run-script [ 'preinstall', 'install', 'postinstall' ]
5 info lifecycle QuinoaProject@1.0.0~preinstall: QuinoaProject@1.0.0
6 silly lifecycle QuinoaProject@1.0.0~preinstall: no script for preinstall, continuing
7 info lifecycle QuinoaProject@1.0.0~install: QuinoaProject@1.0.0
8 verbose lifecycle QuinoaProject@1.0.0~install: unsafe-perm in lifecycle true
9 verbose lifecycle QuinoaProject@1.0.0~install: PATH: /usr/share/npm/bin/node-gyp-bin:/home/osboxes/dev/git/Webhook-and-API.AI-Echo-Sample/node_modules/.bin:/home/osboxes/bin:/home/osboxes/.local/bin:/home/osboxes/bin:/home/osboxes/.local/bin:/usr/local/sbin:/usr/local/bin:/usr/sbin:/usr/bin:/sbin:/bin:/usr/games:/usr/local/games:/snap/bin:/snap/bin
10 verbose lifecycle QuinoaProject@1.0.0~install: CWD: /home/osboxes/dev/git/Webhook-and-API.AI-Echo-Sample
11 silly lifecycle QuinoaProject@1.0.0~install: Args: [ '-c', 'node install' ]
12 silly lifecycle QuinoaProject@1.0.0~install: Returned: code: 1  signal: null
13 info lifecycle QuinoaProject@1.0.0~install: Failed to exec install script
14 verbose stack Error: QuinoaProject@1.0.0 install: `node install`
14 verbose stack Exit status 1
14 verbose stack     at EventEmitter.<anonymous> (/usr/share/npm/lib/utils/lifecycle.js:232:16)
14 verbose stack     at emitTwo (events.js:87:13)
14 verbose stack     at EventEmitter.emit (events.js:172:7)
14 verbose stack     at ChildProcess.<anonymous> (/usr/share/npm/lib/utils/spawn.js:24:14)
14 verbose stack     at emitTwo (events.js:87:13)
14 verbose stack     at ChildProcess.emit (events.js:172:7)
14 verbose stack     at maybeClose (internal/child_process.js:821:16)
14 verbose stack     at Process.ChildProcess._handle.onexit (internal/child_process.js:211:5)
15 verbose pkgid QuinoaProject@1.0.0
16 verbose cwd /home/osboxes/dev/git/Webhook-and-API.AI-Echo-Sample
17 error Linux 4.8.0-59-generic
18 error argv "/usr/bin/nodejs" "/usr/bin/npm" "run-script" "install"
19 error node v4.2.6
20 error npm  v3.5.2
21 error code ELIFECYCLE
22 error QuinoaProject@1.0.0 install: `node install`
22 error Exit status 1
23 error Failed at the QuinoaProject@1.0.0 install script 'node install'.
23 error Make sure you have the latest version of node.js and npm installed.
23 error If you do, this is most likely a problem with the QuinoaProject package,
23 error not with npm itself.
23 error Tell the author that this fails on your system:
23 error     node install
23 error You can get information on how to open an issue for this project with:
23 error     npm bugs QuinoaProject
23 error Or if that isn't available, you can get their info via:
23 error     npm owner ls QuinoaProject
23 error There is likely additional logging output above.
24 verbose exit [ 1, true ]
